<?xml version="1.0" encoding="UTF-8"?>
<testng-results ignored="0" total="1" passed="1" failed="0" skipped="0">
  <reporter-output>
  </reporter-output>
  <suite started-at="2021-02-07T18:40:46 IST" name="Suite" finished-at="2021-02-07T18:41:15 IST" duration-ms="28946">
    <groups>
      <group name="cucumber">
        <method signature="AbstractTestNGCucumberTests.feature(cucumber.api.testng.CucumberFeatureWrapper)[pri:0, instance:runners.BasicRunner@378542de]" name="feature" class="cucumber.api.testng.AbstractTestNGCucumberTests"/>
      </group> <!-- cucumber -->
    </groups>
    <test started-at="2021-02-07T18:40:46 IST" name="Test" finished-at="2021-02-07T18:41:15 IST" duration-ms="28946">
      <class name="runners.BasicRunner">
        <test-method is-config="true" signature="setUpClass()[pri:0, instance:runners.BasicRunner@378542de]" started-at="2021-02-07T18:40:46 IST" name="setUpClass" finished-at="2021-02-07T18:40:46 IST" duration-ms="432" status="PASS">
          <reporter-output>
          </reporter-output>
        </test-method> <!-- setUpClass -->
        <test-method signature="feature(cucumber.api.testng.CucumberFeatureWrapper)[pri:0, instance:runners.BasicRunner@378542de]" started-at="2021-02-07T18:40:46 IST" name="feature" description="Runs Cucumber Feature" data-provider="features" finished-at="2021-02-07T18:41:15 IST" duration-ms="28279" status="PASS">
          <params>
            <param index="0">
              <value>
                <![CDATA[delete from the cart]]>
              </value>
            </param>
          </params>
          <reporter-output>
          </reporter-output>
        </test-method> <!-- feature -->
        <test-method is-config="true" signature="tearDownClass()[pri:0, instance:runners.BasicRunner@378542de]" started-at="2021-02-07T18:41:15 IST" name="tearDownClass" finished-at="2021-02-07T18:41:15 IST" duration-ms="8" status="PASS">
          <reporter-output>
          </reporter-output>
        </test-method> <!-- tearDownClass -->
      </class> <!-- runners.BasicRunner -->
    </test> <!-- Test -->
  </suite> <!-- Suite -->
</testng-results>
