<?xml version="1.0" encoding="UTF-8"?>
<testng-results ignored="0" total="0" passed="0" failed="0" skipped="0">
  <reporter-output>
  </reporter-output>
  <suite started-at="2021-02-08T23:07:03 IST" name="Default suite" finished-at="2021-02-08T23:07:09 IST" duration-ms="6232">
    <groups>
      <group name="cucumber">
        <method signature="AbstractTestNGCucumberTests.feature(cucumber.api.testng.CucumberFeatureWrapper)[pri:0, instance:runners.BasicRunner@34158c08]" name="feature" class="cucumber.api.testng.AbstractTestNGCucumberTests"/>
      </group> <!-- cucumber -->
    </groups>
    <test started-at="2021-02-08T23:07:03 IST" name="Default test" finished-at="2021-02-08T23:07:09 IST" duration-ms="6232">
      <class name="runners.BasicRunner">
        <test-method is-config="true" signature="setUpClass()[pri:0, instance:runners.BasicRunner@34158c08]" started-at="2021-02-08T23:07:03 IST" name="setUpClass" finished-at="2021-02-08T23:07:03 IST" duration-ms="250" status="PASS">
          <reporter-output>
          </reporter-output>
        </test-method> <!-- setUpClass -->
        <test-method is-config="true" signature="setup()[pri:0, instance:runners.BasicRunner@34158c08]" started-at="2021-02-08T23:07:03 IST" name="setup" finished-at="2021-02-08T23:07:09 IST" duration-ms="5488" status="PASS">
          <reporter-output>
          </reporter-output>
        </test-method> <!-- setup -->
        <test-method is-config="true" signature="tearDownClass()[pri:0, instance:runners.BasicRunner@34158c08]" started-at="2021-02-08T23:07:09 IST" name="tearDownClass" finished-at="2021-02-08T23:07:09 IST" duration-ms="373" status="PASS">
          <reporter-output>
          </reporter-output>
        </test-method> <!-- tearDownClass -->
      </class> <!-- runners.BasicRunner -->
    </test> <!-- Default test -->
  </suite> <!-- Default suite -->
</testng-results>
