<?xml version="1.0" encoding="UTF-8"?>
<testng-results ignored="0" total="1" passed="1" failed="0" skipped="0">
  <reporter-output>
  </reporter-output>
  <suite started-at="2021-02-12T23:17:08 IST" name="Default suite" finished-at="2021-02-12T23:17:37 IST" duration-ms="29238">
    <groups>
      <group name="cucumber">
        <method signature="AbstractTestNGCucumberTests.feature(cucumber.api.testng.CucumberFeatureWrapper)[pri:0, instance:runners.BasicRunner@34158c08]" name="feature" class="cucumber.api.testng.AbstractTestNGCucumberTests"/>
      </group> <!-- cucumber -->
    </groups>
    <test started-at="2021-02-12T23:17:08 IST" name="Default test" finished-at="2021-02-12T23:17:37 IST" duration-ms="29238">
      <class name="runners.BasicRunner">
        <test-method is-config="true" signature="setUpClass()[pri:0, instance:runners.BasicRunner@34158c08]" started-at="2021-02-12T23:17:08 IST" name="setUpClass" finished-at="2021-02-12T23:17:08 IST" duration-ms="435" status="PASS">
          <reporter-output>
          </reporter-output>
        </test-method> <!-- setUpClass -->
        <test-method is-config="true" signature="setup()[pri:0, instance:runners.BasicRunner@34158c08]" started-at="2021-02-12T23:17:08 IST" name="setup" finished-at="2021-02-12T23:17:14 IST" duration-ms="5271" status="PASS">
          <reporter-output>
          </reporter-output>
        </test-method> <!-- setup -->
        <test-method signature="feature(cucumber.api.testng.CucumberFeatureWrapper)[pri:0, instance:runners.BasicRunner@34158c08]" started-at="2021-02-12T23:17:14 IST" name="feature" description="Runs Cucumber Feature" data-provider="features" finished-at="2021-02-12T23:17:37 IST" duration-ms="23196" status="PASS">
          <params>
            <param index="0">
              <value>
                <![CDATA[Dresses options]]>
              </value>
            </param>
          </params>
          <reporter-output>
          </reporter-output>
        </test-method> <!-- feature -->
        <test-method is-config="true" signature="tearDownClass()[pri:0, instance:runners.BasicRunner@34158c08]" started-at="2021-02-12T23:17:37 IST" name="tearDownClass" finished-at="2021-02-12T23:17:37 IST" duration-ms="190" status="PASS">
          <reporter-output>
          </reporter-output>
        </test-method> <!-- tearDownClass -->
      </class> <!-- runners.BasicRunner -->
    </test> <!-- Default test -->
  </suite> <!-- Default suite -->
</testng-results>
